./src/bootAddMem.o
./src/bootApp.o
./src/bootAppExc.o
./src/bootAppShell.o
./src/bootAppTestFuncs.o
./src/bootDhcpcLoad.o
./src/bootEdrSupport.o
./src/bootEndSupport.o
./src/bootEthAdrSet.o
./src/bootEthMacHandler.o
./src/bootFdLoad.o
./src/bootFsLoad.o
./src/bootFtpLoad.o
./src/bootMemCmds.o
./src/bootNetLoad.o
./src/bootRshLoad.o
./src/bootTftpLoad.o
./src/bootTsfsLoad.o
./src/bootUsbShow.o
./bootApp.o
./bootAppShell.o
./bootEthMacHandler.o
./bootFsLoad.o
./bootMemCmds.o
./bootNetLoad.o
./bootTftpLoad.o
