./src/avlLib.o
./src/avlUint64Lib.o
./src/avlUintLib.o
./src/bLib.o
./src/bmpLib.o
./src/bootLib.o
./src/bootParseLib.o
./src/cksumLib.o
./src/dllCreateLib.o
./src/dllLib.o
./src/getopt.o
./src/hookLib.o
./src/hookShow.o
./src/inflateLib.o
./src/lstLib.o
./src/memmem.o
./src/poolLib.o
./src/poolShow.o
./src/procNumSetFuncBind.o
./src/qFifoLib.o
./src/qPriBMapLib.o
./src/qPriDeltaLib.o
./src/qPriListLib.o
./src/qPxPriBMapLib.o
./src/qPxSSPriBMapLib.o
./src/rBuffLib.o
./src/rBuffShow.o
./src/rngLib.o
./src/sllCreateLib.o
./src/sllLib.o
./src/smUtilLib.o
./src/strSearchLib.o
./src/symUtilLib.o
./src/uncompress.o
./bootLib.o
./bootParseLib.o
